presentation/build/outputs/logs/manifest-merger-debug-report.txt
-- Merging decision tree log ---
manifest
ADDED from src\main\AndroidManifest.xml:2:1-52:12
	package
		ADDED from src\main\AndroidManifest.xml:3:11-42
		INJECTED from src\main\AndroidManifest.xml
		INJECTED from src\main\AndroidManifest.xml
	android:versionName
		INJECTED from src\main\AndroidManifest.xml
		INJECTED from src\main\AndroidManifest.xml
	xmlns:android
		ADDED from src\main\AndroidManifest.xml:2:11-69
	android:versionCode
		INJECTED from src\main\AndroidManifest.xml
		INJECTED from src\main\AndroidManifest.xml
uses-permission#android.permission.INTERNET
ADDED from src\main\AndroidManifest.xml:6:5-67
	android:name
		ADDED from src\main\AndroidManifest.xml:6:22-64
uses-permission#android.permission.ACCESS_WIFI_STATE
ADDED from src\main\AndroidManifest.xml:7:5-76
MERGED from [MpcHcRemote-master:data:unspecified] AndroidManifest.xml:11:5-76
	android:name
		ADDED from src\main\AndroidManifest.xml:7:22-73
uses-permission#android.permission.ACCESS_NETWORK_STATE
ADDED from src\main\AndroidManifest.xml:8:5-78
	android:name
		ADDED from src\main\AndroidManifest.xml:8:22-76
application
ADDED from src\main\AndroidManifest.xml:11:5-50:19
MERGED from [com.android.support:design:25.0.1] AndroidManifest.xml:25:5-20
MERGED from [com.android.support:appcompat-v7:25.0.1] AndroidManifest.xml:25:5-20
MERGED from [com.android.support:animated-vector-drawable:25.0.1] AndroidManifest.xml:22:5-20
MERGED from [com.android.support:support-vector-drawable:25.0.1] AndroidManifest.xml:23:5-20
MERGED from [com.android.support:transition:25.0.1] AndroidManifest.xml:22:5-20
MERGED from [com.android.support:cardview-v7:25.0.1] AndroidManifest.xml:22:5-20
MERGED from [com.android.support:support-v13:25.0.1] AndroidManifest.xml:25:5-20
MERGED from [com.android.support:support-v4:25.0.1] AndroidManifest.xml:25:5-20
MERGED from [com.android.support:support-fragment:25.0.1] AndroidManifest.xml:25:5-20
MERGED from [com.android.support:support-media-compat:25.0.1] AndroidManifest.xml:25:5-20
MERGED from [com.android.support:support-core-utils:25.0.1] AndroidManifest.xml:25:5-20
MERGED from [com.android.support:support-core-ui:25.0.1] AndroidManifest.xml:25:5-20
MERGED from [com.android.support:percent:25.0.1] AndroidManifest.xml:22:5-20
MERGED from [com.android.support:support-compat:25.0.1] AndroidManifest.xml:25:5-20
	android:label
		ADDED from src\main\AndroidManifest.xml:15:13-45
	android:supportsRtl
		ADDED from src\main\AndroidManifest.xml:16:13-39
	android:allowBackup
		ADDED from src\main\AndroidManifest.xml:12:13-39
	android:icon
		ADDED from src\main\AndroidManifest.xml:14:13-47
	android:theme
		ADDED from src\main\AndroidManifest.xml:17:13-48
	android:name
		ADDED from src\main\AndroidManifest.xml:13:13-47
activity#ged.mediaplayerremote.presentation.view.activity.MainActivity
ADDED from src\main\AndroidManifest.xml:18:9-31:20
	android:screenOrientation
		ADDED from src\main\AndroidManifest.xml:23:17-53
	android:label
		ADDED from src\main\AndroidManifest.xml:20:17-49
	android:windowSoftInputMode
		ADDED from src\main\AndroidManifest.xml:22:17-56
	android:configChanges
		ADDED from src\main\AndroidManifest.xml:24:17-78
	android:theme
		ADDED from src\main\AndroidManifest.xml:21:17-57
	android:name
		ADDED from src\main\AndroidManifest.xml:19:17-72
intent-filter#android.intent.action.MAIN+android.intent.category.LAUNCHER
ADDED from src\main\AndroidManifest.xml:26:13-30:29
action#android.intent.action.MAIN
ADDED from src\main\AndroidManifest.xml:27:17-68
	android:name
		ADDED from src\main\AndroidManifest.xml:27:25-66
category#android.intent.category.LAUNCHER
ADDED from src\main\AndroidManifest.xml:29:17-76
	android:name
		ADDED from src\main\AndroidManifest.xml:29:27-74
activity#ged.mediaplayerremote.presentation.view.activity.SettingsActivity
ADDED from src\main\AndroidManifest.xml:33:9-35:60
	android:screenOrientation
		ADDED from src\main\AndroidManifest.xml:34:19-55
	android:theme
		ADDED from src\main\AndroidManifest.xml:35:19-58
	android:name
		ADDED from src\main\AndroidManifest.xml:33:19-78
activity#ged.mediaplayerremote.presentation.view.activity.ServerFinderActivity
ADDED from src\main\AndroidManifest.xml:37:9-38:57
	android:screenOrientation
		ADDED from src\main\AndroidManifest.xml:38:19-55
	android:name
		ADDED from src\main\AndroidManifest.xml:37:19-82
activity#ged.mediaplayerremote.presentation.view.activity.FileExplorerActivity
ADDED from src\main\AndroidManifest.xml:41:9-44:56
	android:screenOrientation
		ADDED from src\main\AndroidManifest.xml:42:19-55
	android:theme
		ADDED from src\main\AndroidManifest.xml:44:19-54
	android:name
		ADDED from src\main\AndroidManifest.xml:41:19-82
activity#ged.mediaplayerremote.presentation.view.activity.HelpActivity
ADDED from src\main\AndroidManifest.xml:45:9-48:56
	android:screenOrientation
		ADDED from src\main\AndroidManifest.xml:46:19-55
	android:theme
		ADDED from src\main\AndroidManifest.xml:48:19-54
	android:name
		ADDED from src\main\AndroidManifest.xml:45:19-74
uses-sdk
INJECTED from src\main\AndroidManifest.xml reason: use-sdk injection requested
MERGED from [MpcHcRemote-master:data:unspecified] AndroidManifest.xml:7:5-9:41
MERGED from [com.android.support:design:25.0.1] AndroidManifest.xml:21:5-23:62
MERGED from [com.android.support:appcompat-v7:25.0.1] AndroidManifest.xml:21:5-23:78
MERGED from [com.android.support:animated-vector-drawable:25.0.1] AndroidManifest.xml:20:5-44
MERGED from [com.android.support:support-vector-drawable:25.0.1] AndroidManifest.xml:21:5-43
MERGED from [com.android.support:transition:25.0.1] AndroidManifest.xml:20:5-44
MERGED from [com.android.support:cardview-v7:25.0.1] AndroidManifest.xml:20:5-43
MERGED from [com.android.support:support-v13:25.0.1] AndroidManifest.xml:21:5-23:55
MERGED from [com.android.support:support-v4:25.0.1] AndroidManifest.xml:21:5-23:54
MERGED from [com.android.support:support-fragment:25.0.1] AndroidManifest.xml:21:5-23:60
MERGED from [com.android.support:support-media-compat:25.0.1] AndroidManifest.xml:21:5-23:63
MERGED from [com.android.support:support-core-utils:25.0.1] AndroidManifest.xml:21:5-23:61
MERGED from [com.android.support:recyclerview-v7:25.0.1] AndroidManifest.xml:20:5-43
MERGED from [com.android.support:support-core-ui:25.0.1] AndroidManifest.xml:21:5-23:58
MERGED from [com.android.support:percent:25.0.1] AndroidManifest.xml:20:5-43
MERGED from [com.android.support:support-compat:25.0.1] AndroidManifest.xml:21:5-23:58
MERGED from [io.reactivex:rxandroid:1.2.0] AndroidManifest.xml:19:5-43
MERGED from [com.jakewharton:butterknife:8.1.0] AndroidManifest.xml:5:5-43
	tools:overrideLibrary
		ADDED from [com.android.support:design:25.0.1] AndroidManifest.xml:23:9-59
	android:targetSdkVersion
		INJECTED from src\main\AndroidManifest.xml
		INJECTED from src\main\AndroidManifest.xml
	android:minSdkVersion
		INJECTED from src\main\AndroidManifest.xml
		INJECTED from src\main\AndroidManifest.xml